<?xml version="1.0" encoding="UTF-8"?>
<!-- Generated by org.testng.reporters.JUnitReportReporter -->
<testsuite hostname="LAPTOP-I9RTL16F" failures="0" tests="1" name="Testscript1.Generalsettings" time="15.925" errors="0" timestamp="2022-09-30T14:03:35 IST" skipped="0">
  <testcase classname="Testscript1.Generalsettings" name="dropdownByIndex" time="15.925"/>
  <system-out/>
</testsuite> <!-- Testscript1.Generalsettings -->
