<?xml version="1.0" encoding="UTF-8"?>
<!-- Generated by org.testng.reporters.JUnitReportReporter -->
<testsuite hostname="LAPTOP-I9RTL16F" failures="0" tests="1" name="Testscript1.CustomerCreation" time="16.294" errors="0" timestamp="2022-09-30T13:13:21 IST" skipped="0">
  <testcase classname="Testscript1.CustomerCreation" name="createCustomer" time="16.294"/>
  <system-out/>
</testsuite> <!-- Testscript1.CustomerCreation -->
